2026-05-07 15:43:20,810 - TeamLead - INFO - Orchestrating implementation phase...
2026-05-07 15:43:20,810 - TeamLead - INFO - Emitted event: IMPLEMENTATION_START
2026-05-07 15:43:20,810 - SolutionArch - INFO - Generating blueprint for: System authentication
2026-05-07 15:43:20,810 - SolutionArch - INFO - Emitted event: BLUEPRINT_READY
2026-05-07 15:49:14,130 - TeamLead - INFO - Orchestrating implementation phase...
2026-05-07 15:49:14,130 - TeamLead - INFO - Emitted event: IMPLEMENTATION_START
2026-05-07 15:49:14,130 - SolutionArch - INFO - Generating blueprint for: System authentication
2026-05-07 15:49:14,131 - SolutionArch - INFO - Emitted event: BLUEPRINT_READY
2026-05-07 15:54:25,417 - TeamLead - INFO - Orchestrating implementation phase...
2026-05-07 15:54:25,418 - TeamLead - INFO - Emitted event: IMPLEMENTATION_START
2026-05-07 15:54:25,418 - SolutionArch - INFO - Generating blueprint for: System authentication
2026-05-07 15:54:25,418 - SolutionArch - INFO - Emitted event: BLUEPRINT_READY
2026-05-07 15:54:25,418 - Implementer - INFO - Implementing code for workspace/src/system_authentication.py
2026-05-07 15:54:25,418 - Implementer - INFO - Emitted event: DCR
2026-05-07 15:54:25,418 - DevOps - INFO - Checking for infrastructure tasks...
2026-05-07 15:54:25,418 - DevOps - INFO - Updated state: environment_state
2026-05-07 15:54:25,419 - DevOps - INFO - Updated state: event_queue
2026-05-07 15:54:25,419 - Auditor - INFO - Auditing environment state...
2026-05-07 15:54:25,419 - Auditor - INFO - Updated state: infrastructure_status
2026-05-07 15:54:25,419 - Implementer - INFO - Implementing code for workspace/src/system_authentication.py
2026-05-07 15:54:25,419 - Implementer - INFO - Emitted event: CODE_READY
2026-05-07 15:59:44,047 - TeamLead - INFO - Orchestrating implementation phase...
2026-05-07 15:59:44,048 - TeamLead - INFO - Emitted event: IMPLEMENTATION_START
2026-05-07 15:59:44,048 - SolutionArch - INFO - Generating blueprint for: System authentication
2026-05-07 15:59:44,048 - SolutionArch - INFO - Emitted event: BLUEPRINT_READY
2026-05-07 15:59:44,048 - Implementer - INFO - Implementing code for workspace/src/system_authentication.py
2026-05-07 15:59:44,049 - Implementer - INFO - Emitted event: CODE_READY
2026-05-07 15:59:44,049 - TeamLead - INFO - Updated state: implementation_progress
2026-05-07 15:59:44,049 - TeamLead - INFO - Orchestrating implementation phase...
2026-05-07 15:59:44,049 - TeamLead - INFO - Emitted event: IMPLEMENTATION_START
2026-05-07 15:59:44,049 - SolutionArch - INFO - Generating blueprint for: Agent state management
2026-05-07 15:59:44,049 - SolutionArch - INFO - Emitted event: BLUEPRINT_READY
2026-05-07 15:59:44,049 - Implementer - INFO - Implementing code for workspace/src/agent_state_management.py
2026-05-07 15:59:44,050 - Implementer - INFO - Emitted event: CODE_READY
2026-05-07 15:59:44,050 - TeamLead - INFO - Updated state: implementation_progress
2026-05-07 15:59:44,050 - TeamLead - INFO - Orchestrating implementation phase...
2026-05-07 15:59:44,050 - TeamLead - INFO - Emitted event: IMPLEMENTATION_START
2026-05-07 15:59:44,050 - SolutionArch - INFO - Generating blueprint for: Automated environment setup
2026-05-07 15:59:44,050 - SolutionArch - INFO - Emitted event: BLUEPRINT_READY
2026-05-07 15:59:44,050 - Implementer - INFO - Implementing code for workspace/src/automated_environment_setup.py
2026-05-07 15:59:44,051 - Implementer - INFO - Emitted event: CODE_READY
2026-05-07 15:59:44,051 - TeamLead - INFO - Updated state: implementation_progress
2026-05-07 15:59:44,051 - QA_Manager - INFO - Starting final system-wide QA...
2026-05-07 15:59:44,051 - QA_Manager - INFO - Updated state: factory_status
2026-05-07 15:59:44,051 - QA_Manager - INFO - Emitted event: FINAL_CERTIFICATION
